<?xml version="1.0" encoding="UTF-8"?>
<testsuite name="DELETECustomerActivityTest" tests="1" skipped="0" failures="0" errors="0" timestamp="2022-05-19T21:21:29" hostname="Sylvias-MacBook-Pro.local" time="0.543">
  <properties/>
  <testcase name="handleRequest_failedToDelete_throwsDynamoDBException()" classname="DELETECustomerActivityTest" time="0.543"/>
  <system-out><![CDATA[]]></system-out>
  <system-err><![CDATA[]]></system-err>
</testsuite>
